
========================================
  RaisuOS v2.0.0 (x86_64) - Booting...
========================================

[BOOT] Multiboot2 verified. Info at 0x119aa8
[ADNWS] Verifying hardware constraints...
[ADNWS] Target: Minimum 4096 MB RAM, 32 GB ROM
[ADNWS] -> Hardware Verified API Check Passed.
[GDT] Initializing 64-bit GDT...
[IDT] Initializing 64-bit IDT...
[HEAP] Initializing kernel memory (8MB)...
[VBE] Initializing framebuffer...
[VBE] Multiboot2 Framebuffer found: 1024x768x32 at 0xe0000000
[VBE] Backbuffer allocated: 3145728 bytes
[TIMER] Initializing PIT at 1000 Hz...
[FONT] Loading system typography...
[I18N] Initializing localized strings...
[INPUT] Initializing keyboard driver...
[INPUT] Initializing mouse driver...
[UI] Starting RaisuOS All Device Native Work System...

========================================
  RaisuOS Desktop Ready! (x64 ADNWS)
========================================

